2015/01/22 16:56:31 にビルドを開始しました。
     1>ノード 2 上のプロジェクト "C:\Users\miya\Desktop\Documents\GitHub\turiotu\plane\plane\plane\plane.vcxproj" (build ターゲット)。
     1>PrepareForBuild:
         ディレクトリ "C:\Users\miya\Desktop\Documents\GitHub\turiotu\plane\plane\Debug\" を作成しています。
       InitializeBuildStatus:
         "AlwaysCreate" が指定されたため "Debug\plane.unsuccessfulbuild" を作成しています。
       ClCompile:
         c:\Program Files\Microsoft Visual Studio 10.0\VC\bin\CL.exe /c /ZI /nologo /W3 /WX- /Od /Oy- /D WIN32 /D _DEBUG /D _CONSOLE /D _UNICODE /D UNICODE /Gm /EHsc /RTC1 /MDd /GS /fp:precise /Zc:wchar_t /Zc:forScope /Fo"Debug\\" /Fd"Debug\vc100.pdb" /Gd /TP /analyze- /errorReport:prompt plane.cpp
         plane.cpp
     1>c:\users\miya\desktop\documents\github\turiotu\plane\plane\plane\plane.cpp(331): warning C4101: 'i' : ローカル変数は 1 度も使われていません。
       ManifestResourceCompile:
         C:\Program Files\Microsoft SDKs\Windows\v7.0A\bin\rc.exe /nologo /fo"Debug\plane.exe.embed.manifest.res" Debug\plane_manifest.rc 
       Link:
         c:\Program Files\Microsoft Visual Studio 10.0\VC\bin\link.exe /ERRORREPORT:PROMPT /OUT:"C:\Users\miya\Desktop\Documents\GitHub\turiotu\plane\plane\Debug\plane.exe" /INCREMENTAL /NOLOGO kernel32.lib user32.lib gdi32.lib winspool.lib comdlg32.lib advapi32.lib shell32.lib ole32.lib oleaut32.lib uuid.lib odbc32.lib odbccp32.lib /MANIFEST /ManifestFile:"Debug\plane.exe.intermediate.manifest" /MANIFESTUAC:"level='asInvoker' uiAccess='false'" /DEBUG /PDB:"C:\Users\miya\Desktop\Documents\GitHub\turiotu\plane\plane\Debug\plane.pdb" /SUBSYSTEM:CONSOLE /TLBID:1 /DYNAMICBASE /NXCOMPAT /IMPLIB:"C:\Users\miya\Desktop\Documents\GitHub\turiotu\plane\plane\Debug\plane.lib" /MACHINE:X86 Debug\plane.exe.embed.manifest.res
         Debug\plane.obj
       Manifest:
         C:\Program Files\Microsoft SDKs\Windows\v7.0A\bin\mt.exe /nologo /verbose /out:"Debug\plane.exe.embed.manifest" /manifest Debug\plane.exe.intermediate.manifest
         C:\Program Files\Microsoft SDKs\Windows\v7.0A\bin\rc.exe /nologo /fo"Debug\plane.exe.embed.manifest.res" Debug\plane_manifest.rc 
       LinkEmbedManifest:
         c:\Program Files\Microsoft Visual Studio 10.0\VC\bin\link.exe /ERRORREPORT:PROMPT /OUT:"C:\Users\miya\Desktop\Documents\GitHub\turiotu\plane\plane\Debug\plane.exe" /INCREMENTAL /NOLOGO kernel32.lib user32.lib gdi32.lib winspool.lib comdlg32.lib advapi32.lib shell32.lib ole32.lib oleaut32.lib uuid.lib odbc32.lib odbccp32.lib /MANIFEST /ManifestFile:"Debug\plane.exe.intermediate.manifest" /MANIFESTUAC:"level='asInvoker' uiAccess='false'" /DEBUG /PDB:"C:\Users\miya\Desktop\Documents\GitHub\turiotu\plane\plane\Debug\plane.pdb" /SUBSYSTEM:CONSOLE /TLBID:1 /DYNAMICBASE /NXCOMPAT /IMPLIB:"C:\Users\miya\Desktop\Documents\GitHub\turiotu\plane\plane\Debug\plane.lib" /MACHINE:X86 Debug\plane.exe.embed.manifest.res
         Debug\plane.obj
         plane.vcxproj -> C:\Users\miya\Desktop\Documents\GitHub\turiotu\plane\plane\Debug\plane.exe
       FinalizeBuildStatus:
         ファイル "Debug\plane.unsuccessfulbuild" を削除しています。
         "Debug\plane.lastbuildstate" のタッチ タスクを実行しています。
     1>プロジェクト "C:\Users\miya\Desktop\Documents\GitHub\turiotu\plane\plane\plane\plane.vcxproj" (build ターゲット) のビルドが完了しました。

ビルドに成功しました。

経過時間 00:00:01.79
