2015/01/28 18:34:55 にビルドを開始しました。
     1>ノード 2 上のプロジェクト "C:\Users\miya\Desktop\Documents\GitHub\turiotu\plane\plane\plane\plane.vcxproj" (build ターゲット)。
     1>InitializeBuildStatus:
         "AlwaysCreate" が指定されたため "Release\plane.unsuccessfulbuild" を作成しています。
       ClCompile:
         c:\Program Files\Microsoft Visual Studio 10.0\VC\bin\CL.exe /c /Zi /nologo /W3 /WX- /O2 /Oi /Oy- /GL /D WIN32 /D NDEBUG /D _CONSOLE /D _UNICODE /D UNICODE /Gm- /EHsc /MD /GS /Gy /fp:precise /Zc:wchar_t /Zc:forScope /Fo"Release\\" /Fd"Release\vc100.pdb" /Gd /TP /analyze- /errorReport:prompt plane.cpp
         plane.cpp
     1>plane.cpp(313): warning C4996: 'sprintf': This function or variable may be unsafe. Consider using sprintf_s instead. To disable deprecation, use _CRT_SECURE_NO_WARNINGS. See online help for details.
                 c:\Program Files\Microsoft Visual Studio 10.0\VC\include\stdio.h(371) : 'sprintf' の宣言を確認してください。
     1>plane.cpp(316): warning C4018: '<' : signed と unsigned の数値を比較しようとしました。
       Link:
         c:\Program Files\Microsoft Visual Studio 10.0\VC\bin\link.exe /ERRORREPORT:PROMPT /OUT:"C:\Users\miya\Desktop\Documents\GitHub\turiotu\plane\plane\Release\plane.exe" /INCREMENTAL:NO /NOLOGO kernel32.lib user32.lib gdi32.lib winspool.lib comdlg32.lib advapi32.lib shell32.lib ole32.lib oleaut32.lib uuid.lib odbc32.lib odbccp32.lib /MANIFEST /ManifestFile:"Release\plane.exe.intermediate.manifest" /MANIFESTUAC:"level='asInvoker' uiAccess='false'" /DEBUG /PDB:"C:\Users\miya\Desktop\Documents\GitHub\turiotu\plane\plane\Release\plane.pdb" /SUBSYSTEM:CONSOLE /OPT:REF /OPT:ICF /LTCG /TLBID:1 /DYNAMICBASE /NXCOMPAT /IMPLIB:"C:\Users\miya\Desktop\Documents\GitHub\turiotu\plane\plane\Release\plane.lib" /MACHINE:X86 Release\plane.obj
         コード生成しています。
         コード生成が終了しました。
         plane.vcxproj -> C:\Users\miya\Desktop\Documents\GitHub\turiotu\plane\plane\Release\plane.exe
       Manifest:
         C:\Program Files\Microsoft SDKs\Windows\v7.0A\bin\mt.exe /nologo /verbose /outputresource:"C:\Users\miya\Desktop\Documents\GitHub\turiotu\plane\plane\Release\plane.exe;#1" /manifest Release\plane.exe.intermediate.manifest
       FinalizeBuildStatus:
         ファイル "Release\plane.unsuccessfulbuild" を削除しています。
         "Release\plane.lastbuildstate" のタッチ タスクを実行しています。
     1>プロジェクト "C:\Users\miya\Desktop\Documents\GitHub\turiotu\plane\plane\plane\plane.vcxproj" (build ターゲット) のビルドが完了しました。

ビルドに成功しました。

経過時間 00:00:01.21
